[debug] [2025-09-24T19:52:03.192Z] ----------------------------------------------------------------------
[debug] [2025-09-24T19:52:03.196Z] Command:       /usr/local/bin/firebase /Users/troysimon/.cache/firebase/tools/lib/node_modules/firebase-tools/lib/bin/firebase deploy
[debug] [2025-09-24T19:52:03.196Z] CLI Version:   14.15.1
[debug] [2025-09-24T19:52:03.196Z] Platform:      darwin
[debug] [2025-09-24T19:52:03.196Z] Node Version:  v20.18.2
[debug] [2025-09-24T19:52:03.197Z] Time:          Wed Sep 24 2025 12:52:03 GMT-0700 (Pacific Daylight Time)
[debug] [2025-09-24T19:52:03.197Z] ----------------------------------------------------------------------
[debug] 
[debug] [2025-09-24T19:52:03.355Z] > command requires scopes: ["email","openid","https://www.googleapis.com/auth/cloudplatformprojects.readonly","https://www.googleapis.com/auth/firebase","https://www.googleapis.com/auth/cloud-platform"]
[debug] [2025-09-24T19:52:03.355Z] > authorizing via signed-in user (troy.simon@conciergehealth.co)
[debug] [2025-09-24T19:52:03.356Z] [iam] checking project simoncreativehouse for permissions ["firebase.projects.get",null]
[debug] [2025-09-24T19:52:03.358Z] Checked if tokens are valid: true, expires at: 1758745109060
[debug] [2025-09-24T19:52:03.358Z] Checked if tokens are valid: true, expires at: 1758745109060
[debug] [2025-09-24T19:52:03.359Z] >>> [apiv2][query] POST https://cloudresourcemanager.googleapis.com/v1/projects/simoncreativehouse:testIamPermissions [none]
[debug] [2025-09-24T19:52:03.360Z] >>> [apiv2][(partial)header] POST https://cloudresourcemanager.googleapis.com/v1/projects/simoncreativehouse:testIamPermissions x-goog-quota-user=projects/simoncreativehouse
[debug] [2025-09-24T19:52:03.360Z] >>> [apiv2][body] POST https://cloudresourcemanager.googleapis.com/v1/projects/simoncreativehouse:testIamPermissions {"permissions":["firebase.projects.get",null]}
[debug] [2025-09-24T19:52:03.629Z] <<< [apiv2][status] POST https://cloudresourcemanager.googleapis.com/v1/projects/simoncreativehouse:testIamPermissions 200
[debug] [2025-09-24T19:52:03.630Z] <<< [apiv2][body] POST https://cloudresourcemanager.googleapis.com/v1/projects/simoncreativehouse:testIamPermissions {"permissions":["firebase.projects.get"]}
[debug] [2025-09-24T19:52:03.630Z] [iam] error while checking permissions, command may fail: Authorization failed. This account is missing the following required permissions on project simoncreativehouse:

  
[info] 
[info] === Deploying to 'simoncreativehouse'...
[info] 
[info] i  deploying apphosting 
[debug] [2025-09-24T19:52:03.634Z] Checked if tokens are valid: true, expires at: 1758745109060
[debug] [2025-09-24T19:52:03.634Z] Checked if tokens are valid: true, expires at: 1758745109060
[debug] [2025-09-24T19:52:03.634Z] >>> [apiv2][query] POST https://iam.googleapis.com/v1/projects/simoncreativehouse/serviceAccounts/firebase-app-hosting-compute@simoncreativehouse.iam.gserviceaccount.com:testIamPermissions [none]
[debug] [2025-09-24T19:52:03.634Z] >>> [apiv2][(partial)header] POST https://iam.googleapis.com/v1/projects/simoncreativehouse/serviceAccounts/firebase-app-hosting-compute@simoncreativehouse.iam.gserviceaccount.com:testIamPermissions x-goog-quota-user=projects/simoncreativehouse
[debug] [2025-09-24T19:52:03.634Z] >>> [apiv2][body] POST https://iam.googleapis.com/v1/projects/simoncreativehouse/serviceAccounts/firebase-app-hosting-compute@simoncreativehouse.iam.gserviceaccount.com:testIamPermissions {"permissions":["iam.serviceAccounts.actAs"]}
[debug] [2025-09-24T19:52:03.856Z] <<< [apiv2][status] POST https://iam.googleapis.com/v1/projects/simoncreativehouse/serviceAccounts/firebase-app-hosting-compute@simoncreativehouse.iam.gserviceaccount.com:testIamPermissions 200
[debug] [2025-09-24T19:52:03.857Z] <<< [apiv2][body] POST https://iam.googleapis.com/v1/projects/simoncreativehouse/serviceAccounts/firebase-app-hosting-compute@simoncreativehouse.iam.gserviceaccount.com:testIamPermissions {"permissions":["iam.serviceAccounts.actAs"]}
[debug] [2025-09-24T19:52:03.857Z] Checked if tokens are valid: true, expires at: 1758745109060
[debug] [2025-09-24T19:52:03.857Z] Checked if tokens are valid: true, expires at: 1758745109060
[debug] [2025-09-24T19:52:03.858Z] >>> [apiv2][query] POST https://iam.googleapis.com/v1/projects/simoncreativehouse/serviceAccounts [none]
[debug] [2025-09-24T19:52:03.858Z] >>> [apiv2][body] POST https://iam.googleapis.com/v1/projects/simoncreativehouse/serviceAccounts {"accountId":"firebase-app-hosting-compute","serviceAccount":{"displayName":"Firebase App Hosting compute service account","description":"Default service account used to run builds and deploys for Firebase App Hosting"}}
[debug] [2025-09-24T19:52:04.080Z] <<< [apiv2][status] POST https://iam.googleapis.com/v1/projects/simoncreativehouse/serviceAccounts 409
[debug] [2025-09-24T19:52:04.082Z] <<< [apiv2][body] POST https://iam.googleapis.com/v1/projects/simoncreativehouse/serviceAccounts [omitted]
[debug] [2025-09-24T19:52:04.083Z] Checked if tokens are valid: true, expires at: 1758745109060
[debug] [2025-09-24T19:52:04.083Z] Checked if tokens are valid: true, expires at: 1758745109060
[debug] [2025-09-24T19:52:04.084Z] >>> [apiv2][query] POST https://cloudresourcemanager.googleapis.com/v1/projects/simoncreativehouse:getIamPolicy [none]
[debug] [2025-09-24T19:52:04.251Z] <<< [apiv2][status] POST https://cloudresourcemanager.googleapis.com/v1/projects/simoncreativehouse:getIamPolicy 200
[debug] [2025-09-24T19:52:04.251Z] <<< [apiv2][body] POST https://cloudresourcemanager.googleapis.com/v1/projects/simoncreativehouse:getIamPolicy {"version":1,"etag":"BwY/kPuZ/04=","bindings":[{"role":"roles/artifactregistry.serviceAgent","members":["serviceAccount:service-700345854205@gcp-sa-artifactregistry.iam.gserviceaccount.com"]},{"role":"roles/cloudbuild.builds.builder","members":["serviceAccount:700345854205@cloudbuild.gserviceaccount.com"]},{"role":"roles/cloudbuild.serviceAgent","members":["serviceAccount:service-700345854205@gcp-sa-cloudbuild.iam.gserviceaccount.com"]},{"role":"roles/cloudfunctions.serviceAgent","members":["serviceAccount:service-700345854205@gcf-admin-robot.iam.gserviceaccount.com"]},{"role":"roles/containerregistry.ServiceAgent","members":["serviceAccount:service-700345854205@containerregistry.iam.gserviceaccount.com"]},{"role":"roles/developerconnect.readTokenAccessor","members":["serviceAccount:firebase-app-hosting-compute@simoncreativehouse.iam.gserviceaccount.com"]},{"role":"roles/editor","members":["serviceAccount:700345854205-compute@developer.gserviceaccount.com","serviceAccount:simoncreativehouse@appspot.gserviceaccount.com"]},{"role":"roles/firebase.managementServiceAgent","members":["serviceAccount:service-700345854205@gcp-sa-firebase.iam.gserviceaccount.com"]},{"role":"roles/firebase.sdkAdminServiceAgent","members":["serviceAccount:firebase-adminsdk-fbsvc@simoncreativehouse.iam.gserviceaccount.com","serviceAccount:firebase-app-hosting-compute@simoncreativehouse.iam.gserviceaccount.com"]},{"role":"roles/firebaseapphosting.computeRunner","members":["serviceAccount:firebase-app-hosting-compute@simoncreativehouse.iam.gserviceaccount.com"]},{"role":"roles/firebaseapphosting.serviceAgent","members":["serviceAccount:service-700345854205@gcp-sa-firebaseapphosting.iam.gserviceaccount.com"]},{"role":"roles/iam.serviceAccountTokenCreator","members":["serviceAccount:firebase-adminsdk-fbsvc@simoncreativehouse.iam.gserviceaccount.com"]},{"role":"roles/owner","members":["user:troy.simon@conciergehealth.co"]},{"role":"roles/run.serviceAgent","members":["serviceAccount:service-700345854205@serverless-robot-prod.iam.gserviceaccount.com"]},{"role":"roles/storage.objectViewer","members":["serviceAccount:firebase-app-hosting-compute@simoncreativehouse.iam.gserviceaccount.com"]}]}
[debug] [2025-09-24T19:52:04.251Z] Checked if tokens are valid: true, expires at: 1758745109060
[debug] [2025-09-24T19:52:04.251Z] Checked if tokens are valid: true, expires at: 1758745109060
[debug] [2025-09-24T19:52:04.252Z] >>> [apiv2][query] POST https://cloudresourcemanager.googleapis.com/v1/projects/simoncreativehouse:setIamPolicy [none]
[debug] [2025-09-24T19:52:04.252Z] >>> [apiv2][body] POST https://cloudresourcemanager.googleapis.com/v1/projects/simoncreativehouse:setIamPolicy {"policy":{"version":1,"etag":"BwY/kPuZ/04=","bindings":[{"role":"roles/artifactregistry.serviceAgent","members":["serviceAccount:service-700345854205@gcp-sa-artifactregistry.iam.gserviceaccount.com"]},{"role":"roles/cloudbuild.builds.builder","members":["serviceAccount:700345854205@cloudbuild.gserviceaccount.com"]},{"role":"roles/cloudbuild.serviceAgent","members":["serviceAccount:service-700345854205@gcp-sa-cloudbuild.iam.gserviceaccount.com"]},{"role":"roles/cloudfunctions.serviceAgent","members":["serviceAccount:service-700345854205@gcf-admin-robot.iam.gserviceaccount.com"]},{"role":"roles/containerregistry.ServiceAgent","members":["serviceAccount:service-700345854205@containerregistry.iam.gserviceaccount.com"]},{"role":"roles/developerconnect.readTokenAccessor","members":["serviceAccount:firebase-app-hosting-compute@simoncreativehouse.iam.gserviceaccount.com"]},{"role":"roles/editor","members":["serviceAccount:700345854205-compute@developer.gserviceaccount.com","serviceAccount:simoncreativehouse@appspot.gserviceaccount.com"]},{"role":"roles/firebase.managementServiceAgent","members":["serviceAccount:service-700345854205@gcp-sa-firebase.iam.gserviceaccount.com"]},{"role":"roles/firebase.sdkAdminServiceAgent","members":["serviceAccount:firebase-adminsdk-fbsvc@simoncreativehouse.iam.gserviceaccount.com","serviceAccount:firebase-app-hosting-compute@simoncreativehouse.iam.gserviceaccount.com"]},{"role":"roles/firebaseapphosting.computeRunner","members":["serviceAccount:firebase-app-hosting-compute@simoncreativehouse.iam.gserviceaccount.com"]},{"role":"roles/firebaseapphosting.serviceAgent","members":["serviceAccount:service-700345854205@gcp-sa-firebaseapphosting.iam.gserviceaccount.com"]},{"role":"roles/iam.serviceAccountTokenCreator","members":["serviceAccount:firebase-adminsdk-fbsvc@simoncreativehouse.iam.gserviceaccount.com"]},{"role":"roles/owner","members":["user:troy.simon@conciergehealth.co"]},{"role":"roles/run.serviceAgent","members":["serviceAccount:service-700345854205@serverless-robot-prod.iam.gserviceaccount.com"]},{"role":"roles/storage.objectViewer","members":["serviceAccount:firebase-app-hosting-compute@simoncreativehouse.iam.gserviceaccount.com"]}]},"updateMask":"bindings"}
[debug] [2025-09-24T19:52:04.928Z] <<< [apiv2][status] POST https://cloudresourcemanager.googleapis.com/v1/projects/simoncreativehouse:setIamPolicy 200
[debug] [2025-09-24T19:52:04.928Z] <<< [apiv2][body] POST https://cloudresourcemanager.googleapis.com/v1/projects/simoncreativehouse:setIamPolicy {"version":1,"etag":"BwY/kWMNLvg=","bindings":[{"role":"roles/artifactregistry.serviceAgent","members":["serviceAccount:service-700345854205@gcp-sa-artifactregistry.iam.gserviceaccount.com"]},{"role":"roles/cloudbuild.builds.builder","members":["serviceAccount:700345854205@cloudbuild.gserviceaccount.com"]},{"role":"roles/cloudbuild.serviceAgent","members":["serviceAccount:service-700345854205@gcp-sa-cloudbuild.iam.gserviceaccount.com"]},{"role":"roles/cloudfunctions.serviceAgent","members":["serviceAccount:service-700345854205@gcf-admin-robot.iam.gserviceaccount.com"]},{"role":"roles/containerregistry.ServiceAgent","members":["serviceAccount:service-700345854205@containerregistry.iam.gserviceaccount.com"]},{"role":"roles/developerconnect.readTokenAccessor","members":["serviceAccount:firebase-app-hosting-compute@simoncreativehouse.iam.gserviceaccount.com"]},{"role":"roles/editor","members":["serviceAccount:700345854205-compute@developer.gserviceaccount.com","serviceAccount:simoncreativehouse@appspot.gserviceaccount.com"]},{"role":"roles/firebase.managementServiceAgent","members":["serviceAccount:service-700345854205@gcp-sa-firebase.iam.gserviceaccount.com"]},{"role":"roles/firebase.sdkAdminServiceAgent","members":["serviceAccount:firebase-adminsdk-fbsvc@simoncreativehouse.iam.gserviceaccount.com","serviceAccount:firebase-app-hosting-compute@simoncreativehouse.iam.gserviceaccount.com"]},{"role":"roles/firebaseapphosting.computeRunner","members":["serviceAccount:firebase-app-hosting-compute@simoncreativehouse.iam.gserviceaccount.com"]},{"role":"roles/firebaseapphosting.serviceAgent","members":["serviceAccount:service-700345854205@gcp-sa-firebaseapphosting.iam.gserviceaccount.com"]},{"role":"roles/iam.serviceAccountTokenCreator","members":["serviceAccount:firebase-adminsdk-fbsvc@simoncreativehouse.iam.gserviceaccount.com"]},{"role":"roles/owner","members":["user:troy.simon@conciergehealth.co"]},{"role":"roles/run.serviceAgent","members":["serviceAccount:service-700345854205@serverless-robot-prod.iam.gserviceaccount.com"]},{"role":"roles/storage.objectViewer","members":["serviceAccount:firebase-app-hosting-compute@simoncreativehouse.iam.gserviceaccount.com"]}]}
[debug] [2025-09-24T19:52:04.929Z] Checked if tokens are valid: true, expires at: 1758745109060
[debug] [2025-09-24T19:52:04.929Z] Checked if tokens are valid: true, expires at: 1758745109060
[debug] [2025-09-24T19:52:04.929Z] >>> [apiv2][query] GET https://firebaseapphosting.googleapis.com/v1beta/projects/simoncreativehouse/locations/-/backends 
[debug] [2025-09-24T19:52:05.507Z] <<< [apiv2][status] GET https://firebaseapphosting.googleapis.com/v1beta/projects/simoncreativehouse/locations/-/backends 200
[debug] [2025-09-24T19:52:05.508Z] <<< [apiv2][body] GET https://firebaseapphosting.googleapis.com/v1beta/projects/simoncreativehouse/locations/-/backends {"backends":[{"name":"projects/simoncreativehouse/locations/us-central1/backends/my-web-app","createTime":"2025-09-24T19:21:56.600742320Z","updateTime":"2025-09-24T19:30:03.616608Z","labels":{"deployment-tool":"cli-firebase"},"uri":"my-web-app--simoncreativehouse.us-central1.hosted.app","managedResources":[{"runService":{"service":"projects/700345854205/locations/us-central1/services/my-web-app"}}],"uid":"7e3e27ac-ac8f-4aed-aab3-a92b71939f01","etag":"Pdqp5Ito98p1nnJbmbIPyyKuip8x5Gv-l3qPj-zP5Ko","reconciling":false,"servingLocality":"GLOBAL_ACCESS","serviceAccount":"firebase-app-hosting-compute@simoncreativehouse.iam.gserviceaccount.com","appId":"1:700345854205:web:c33428b35ab29478ad3694"}]}
[info] i  apphosting: Found backend(s) my-web-app 
[debug] [2025-09-24T19:52:05.509Z] Checked if tokens are valid: true, expires at: 1758745109060
[debug] [2025-09-24T19:52:05.509Z] Checked if tokens are valid: true, expires at: 1758745109060
[debug] [2025-09-24T19:52:05.509Z] >>> [apiv2][query] GET https://cloudresourcemanager.googleapis.com/v1/projects/simoncreativehouse [none]
[debug] [2025-09-24T19:52:05.649Z] <<< [apiv2][status] GET https://cloudresourcemanager.googleapis.com/v1/projects/simoncreativehouse 200
[debug] [2025-09-24T19:52:05.649Z] <<< [apiv2][body] GET https://cloudresourcemanager.googleapis.com/v1/projects/simoncreativehouse {"projectNumber":"700345854205","projectId":"simoncreativehouse","lifecycleState":"ACTIVE","name":"simoncreativehouse","labels":{"firebase":"enabled","firebase-core":"disabled"},"createTime":"2025-09-24T19:19:06.739305Z","parent":{"type":"organization","id":"104999526513"}}
[debug] [2025-09-24T19:52:05.649Z] Checked if tokens are valid: true, expires at: 1758745109060
[debug] [2025-09-24T19:52:05.650Z] Checked if tokens are valid: true, expires at: 1758745109060
[debug] [2025-09-24T19:52:05.650Z] >>> [apiv2][query] GET https://storage.googleapis.com/storage/v1/b/firebaseapphosting-sources-700345854205-us-central1 [none]
[debug] [2025-09-24T19:52:05.832Z] <<< [apiv2][status] GET https://storage.googleapis.com/storage/v1/b/firebaseapphosting-sources-700345854205-us-central1 200
[debug] [2025-09-24T19:52:05.832Z] <<< [apiv2][body] GET https://storage.googleapis.com/storage/v1/b/firebaseapphosting-sources-700345854205-us-central1 {"kind":"storage#bucket","selfLink":"https://www.googleapis.com/storage/v1/b/firebaseapphosting-sources-700345854205-us-central1","id":"firebaseapphosting-sources-700345854205-us-central1","name":"firebaseapphosting-sources-700345854205-us-central1","projectNumber":"700345854205","generation":"1758741785262567293","metageneration":"1","location":"US-CENTRAL1","storageClass":"STANDARD","etag":"CAE=","timeCreated":"2025-09-24T19:23:05.492Z","updated":"2025-09-24T19:23:05.492Z","lifecycle":{"rule":[{"action":{"type":"Delete"},"condition":{"age":30}}]},"softDeletePolicy":{"retentionDurationSeconds":"604800","effectiveTime":"2025-09-24T19:23:05.492Z"},"iamConfiguration":{"bucketPolicyOnly":{"enabled":false},"uniformBucketLevelAccess":{"enabled":false},"publicAccessPrevention":"inherited"},"locationType":"region","satisfiesPZI":true}
[info] i  apphosting: Uploading source code at /Users/troysimon/xcode/simon-creative-house for backend my-web-app... 
[debug] [2025-09-24T19:52:06.263Z] Checked if tokens are valid: true, expires at: 1758745109060
[debug] [2025-09-24T19:52:06.263Z] Checked if tokens are valid: true, expires at: 1758745109060
[debug] [2025-09-24T19:52:06.263Z] >>> [apiv2][query] PUT https://storage.googleapis.com/firebaseapphosting-sources-700345854205-us-central1/my-web-app--9487-SxznvSA6D7Nq-.zip [none]
[debug] [2025-09-24T19:52:06.263Z] >>> [apiv2][body] PUT https://storage.googleapis.com/firebaseapphosting-sources-700345854205-us-central1/my-web-app--9487-SxznvSA6D7Nq-.zip [stream]
[debug] [2025-09-24T19:52:07.297Z] <<< [apiv2][status] PUT https://storage.googleapis.com/firebaseapphosting-sources-700345854205-us-central1/my-web-app--9487-SxznvSA6D7Nq-.zip 200
[debug] [2025-09-24T19:52:07.298Z] <<< [apiv2][body] PUT https://storage.googleapis.com/firebaseapphosting-sources-700345854205-us-central1/my-web-app--9487-SxznvSA6D7Nq-.zip undefined
[info] i  apphosting: Source code uploaded at gs://firebaseapphosting-sources-700345854205-us-central1/my-web-app--9487-SxznvSA6D7Nq-.zip 
[debug] [2025-09-24T19:52:07.299Z] Checked if tokens are valid: true, expires at: 1758745109060
[debug] [2025-09-24T19:52:07.299Z] Checked if tokens are valid: true, expires at: 1758745109060
[debug] [2025-09-24T19:52:07.299Z] Checked if tokens are valid: true, expires at: 1758745109060
[debug] [2025-09-24T19:52:07.299Z] Checked if tokens are valid: true, expires at: 1758745109060
[info] i  apphosting: You may also track the rollout(s) at:
	https://console.firebase.google.com/project/simoncreativehouse/apphosting 
[debug] [2025-09-24T19:52:07.303Z] >>> [apiv2][query] GET https://firebaseapphosting.googleapis.com/v1beta/projects/simoncreativehouse/locations/us-central1/backends/my-web-app/rollouts 
[debug] [2025-09-24T19:52:07.304Z] >>> [apiv2][query] GET https://firebaseapphosting.googleapis.com/v1beta/projects/simoncreativehouse/locations/us-central1/backends/my-web-app/builds 
[debug] [2025-09-24T19:52:07.694Z] <<< [apiv2][status] GET https://firebaseapphosting.googleapis.com/v1beta/projects/simoncreativehouse/locations/us-central1/backends/my-web-app/rollouts 200
[debug] [2025-09-24T19:52:07.694Z] <<< [apiv2][body] GET https://firebaseapphosting.googleapis.com/v1beta/projects/simoncreativehouse/locations/us-central1/backends/my-web-app/rollouts {"rollouts":[{"name":"projects/simoncreativehouse/locations/us-central1/backends/my-web-app/rollouts/build-2025-09-24-001","createTime":"2025-09-24T19:23:08.155331686Z","updateTime":"2025-09-24T19:30:03.970797Z","state":"SUCCEEDED","build":"projects/simoncreativehouse/locations/us-central1/backends/my-web-app/builds/build-2025-09-24-001","labels":{"deployment-tool":"cli-firebase"},"uid":"33b833cf-7953-491b-baaf-c929f639e2f0","etag":"1Pyu05ZsuEBHHzGz0kC5zC9i4iYG80pkZ7-Bi6ypfbk","reconciling":false}]}
[debug] [2025-09-24T19:52:07.734Z] <<< [apiv2][status] GET https://firebaseapphosting.googleapis.com/v1beta/projects/simoncreativehouse/locations/us-central1/backends/my-web-app/builds 200
[debug] [2025-09-24T19:52:07.734Z] <<< [apiv2][body] GET https://firebaseapphosting.googleapis.com/v1beta/projects/simoncreativehouse/locations/us-central1/backends/my-web-app/builds {"builds":[{"name":"projects/simoncreativehouse/locations/us-central1/backends/my-web-app/builds/build-2025-09-24-001","state":"READY","image":"us-central1-docker.pkg.dev/simoncreativehouse/firebaseapphosting-images/my-web-app:build-2025-09-24-001","config":{"runConfig":{},"env":[{"variable":"FIREBASE_CONFIG","value":"{\"databaseURL\":\"\",\"projectId\":\"simoncreativehouse\",\"storageBucket\":\"simoncreativehouse.firebasestorage.app\"}","availability":["BUILD","RUNTIME"]},{"variable":"FIREBASE_WEBAPP_CONFIG","value":"{\"apiKey\":\"AIzaSyDrE_MtRAuA7dm_MEQ61HpGe7FuysS2E10\",\"appId\":\"1:700345854205:web:c33428b35ab29478ad3694\",\"authDomain\":\"simoncreativehouse.firebaseapp.com\",\"databaseURL\":\"\",\"messagingSenderId\":\"700345854205\",\"projectId\":\"simoncreativehouse\",\"storageBucket\":\"simoncreativehouse.firebasestorage.app\"}","availability":["BUILD"]}]},"source":{"archive":{"rootDirectory":"/","userStorageUri":"gs://firebaseapphosting-sources-700345854205-us-central1/my-web-app--8717-QzcxfhjagNId-.zip"}},"buildLogsUri":"https://console.cloud.google.com/cloud-build/builds;region=us-central1/e1d1bce2-de9b-47e7-9aae-69a163cbefc9?project=700345854205","createTime":"2025-09-24T19:23:07.857923844Z","updateTime":"2025-09-24T19:30:03.236858Z","labels":{"deployment-tool":"cli-firebase"},"uid":"addd6532-a699-4071-9792-b5ab3ea9971e","etag":"sa59Q-baXcISF33ldLhChflJzRGcp5AoF9T6DH7CAao","reconciling":false}]}
[debug] [2025-09-24T19:52:07.736Z] Checked if tokens are valid: true, expires at: 1758745109060
[debug] [2025-09-24T19:52:07.736Z] Checked if tokens are valid: true, expires at: 1758745109060
[debug] [2025-09-24T19:52:07.736Z] >>> [apiv2][query] POST https://firebaseapphosting.googleapis.com/v1beta/projects/simoncreativehouse/locations/us-central1/backends/my-web-app/builds buildId=build-2025-09-24-002
[debug] [2025-09-24T19:52:07.737Z] >>> [apiv2][body] POST https://firebaseapphosting.googleapis.com/v1beta/projects/simoncreativehouse/locations/us-central1/backends/my-web-app/builds {"source":{"archive":{"userStorageUri":"gs://firebaseapphosting-sources-700345854205-us-central1/my-web-app--9487-SxznvSA6D7Nq-.zip","rootDirectory":"/"}},"labels":{"deployment-tool":"cli-firebase"}}
[debug] [2025-09-24T19:52:07.926Z] <<< [apiv2][status] POST https://firebaseapphosting.googleapis.com/v1beta/projects/simoncreativehouse/locations/us-central1/backends/my-web-app/builds 200
[debug] [2025-09-24T19:52:07.926Z] <<< [apiv2][body] POST https://firebaseapphosting.googleapis.com/v1beta/projects/simoncreativehouse/locations/us-central1/backends/my-web-app/builds {"name":"projects/simoncreativehouse/locations/us-central1/operations/operation-1758743527843-63f91633a6521-ecec4db5-1c643938","metadata":{"@type":"type.googleapis.com/google.firebase.apphosting.v1beta.OperationMetadata","createTime":"2025-09-24T19:52:07.889904119Z","target":"projects/simoncreativehouse/locations/us-central1/backends/my-web-app/builds/build-2025-09-24-002","verb":"create","requestedCancellation":false,"apiVersion":"v1beta"},"done":false}
[debug] [2025-09-24T19:52:07.926Z] Checked if tokens are valid: true, expires at: 1758745109060
[debug] [2025-09-24T19:52:07.926Z] Checked if tokens are valid: true, expires at: 1758745109060
[debug] [2025-09-24T19:52:07.927Z] >>> [apiv2][query] POST https://firebaseapphosting.googleapis.com/v1beta/projects/simoncreativehouse/locations/us-central1/backends/my-web-app/rollouts rolloutId=build-2025-09-24-002&validateOnly=true
[debug] [2025-09-24T19:52:07.927Z] >>> [apiv2][body] POST https://firebaseapphosting.googleapis.com/v1beta/projects/simoncreativehouse/locations/us-central1/backends/my-web-app/rollouts {"build":"projects/simoncreativehouse/locations/us-central1/backends/my-web-app/builds/build-2025-09-24-002","labels":{"deployment-tool":"cli-firebase"}}
[debug] [2025-09-24T19:52:08.104Z] <<< [apiv2][status] POST https://firebaseapphosting.googleapis.com/v1beta/projects/simoncreativehouse/locations/us-central1/backends/my-web-app/rollouts 200
[debug] [2025-09-24T19:52:08.104Z] <<< [apiv2][body] POST https://firebaseapphosting.googleapis.com/v1beta/projects/simoncreativehouse/locations/us-central1/backends/my-web-app/rollouts {}
[debug] [2025-09-24T19:52:08.104Z] Checked if tokens are valid: true, expires at: 1758745109060
[debug] [2025-09-24T19:52:08.104Z] Checked if tokens are valid: true, expires at: 1758745109060
[debug] [2025-09-24T19:52:08.104Z] >>> [apiv2][query] POST https://firebaseapphosting.googleapis.com/v1beta/projects/simoncreativehouse/locations/us-central1/backends/my-web-app/rollouts rolloutId=build-2025-09-24-002&validateOnly=false
[debug] [2025-09-24T19:52:08.104Z] >>> [apiv2][body] POST https://firebaseapphosting.googleapis.com/v1beta/projects/simoncreativehouse/locations/us-central1/backends/my-web-app/rollouts {"build":"projects/simoncreativehouse/locations/us-central1/backends/my-web-app/builds/build-2025-09-24-002","labels":{"deployment-tool":"cli-firebase"}}
[debug] [2025-09-24T19:52:08.246Z] <<< [apiv2][status] POST https://firebaseapphosting.googleapis.com/v1beta/projects/simoncreativehouse/locations/us-central1/backends/my-web-app/rollouts 200
[debug] [2025-09-24T19:52:08.246Z] <<< [apiv2][body] POST https://firebaseapphosting.googleapis.com/v1beta/projects/simoncreativehouse/locations/us-central1/backends/my-web-app/rollouts {"name":"projects/simoncreativehouse/locations/us-central1/operations/operation-1758743528203-63f91633fe635-b012890a-c2dbf052","metadata":{"@type":"type.googleapis.com/google.firebase.apphosting.v1beta.OperationMetadata","createTime":"2025-09-24T19:52:08.217953364Z","target":"projects/simoncreativehouse/locations/us-central1/backends/my-web-app/rollouts/build-2025-09-24-002","verb":"create","requestedCancellation":false,"apiVersion":"v1beta"},"done":false}
[debug] [2025-09-24T19:52:08.247Z] Checked if tokens are valid: true, expires at: 1758745109060
[debug] [2025-09-24T19:52:08.247Z] Checked if tokens are valid: true, expires at: 1758745109060
[debug] [2025-09-24T19:52:08.248Z] Checked if tokens are valid: true, expires at: 1758745109060
[debug] [2025-09-24T19:52:08.248Z] Checked if tokens are valid: true, expires at: 1758745109060
[debug] [2025-09-24T19:52:08.248Z] >>> [apiv2][query] GET https://firebaseapphosting.googleapis.com/v1beta/projects/simoncreativehouse/locations/us-central1/operations/operation-1758743528203-63f91633fe635-b012890a-c2dbf052 [none]
[debug] [2025-09-24T19:52:08.249Z] >>> [apiv2][query] GET https://firebaseapphosting.googleapis.com/v1beta/projects/simoncreativehouse/locations/us-central1/operations/operation-1758743527843-63f91633a6521-ecec4db5-1c643938 [none]
[debug] [2025-09-24T19:52:08.359Z] <<< [apiv2][status] GET https://firebaseapphosting.googleapis.com/v1beta/projects/simoncreativehouse/locations/us-central1/operations/operation-1758743527843-63f91633a6521-ecec4db5-1c643938 200
[debug] [2025-09-24T19:52:08.359Z] <<< [apiv2][body] GET https://firebaseapphosting.googleapis.com/v1beta/projects/simoncreativehouse/locations/us-central1/operations/operation-1758743527843-63f91633a6521-ecec4db5-1c643938 {"name":"projects/simoncreativehouse/locations/us-central1/operations/operation-1758743527843-63f91633a6521-ecec4db5-1c643938","metadata":{"@type":"type.googleapis.com/google.firebase.apphosting.v1beta.OperationMetadata","createTime":"2025-09-24T19:52:07.889904119Z","target":"projects/simoncreativehouse/locations/us-central1/backends/my-web-app/builds/build-2025-09-24-002","verb":"create","requestedCancellation":false,"apiVersion":"v1beta"},"done":false}
[debug] [2025-09-24T19:52:08.395Z] <<< [apiv2][status] GET https://firebaseapphosting.googleapis.com/v1beta/projects/simoncreativehouse/locations/us-central1/operations/operation-1758743528203-63f91633fe635-b012890a-c2dbf052 200
[debug] [2025-09-24T19:52:08.395Z] <<< [apiv2][body] GET https://firebaseapphosting.googleapis.com/v1beta/projects/simoncreativehouse/locations/us-central1/operations/operation-1758743528203-63f91633fe635-b012890a-c2dbf052 {"name":"projects/simoncreativehouse/locations/us-central1/operations/operation-1758743528203-63f91633fe635-b012890a-c2dbf052","metadata":{"@type":"type.googleapis.com/google.firebase.apphosting.v1beta.OperationMetadata","createTime":"2025-09-24T19:52:08.217953364Z","endTime":"2025-09-24T19:52:08.258755134Z","target":"projects/simoncreativehouse/locations/us-central1/backends/my-web-app/rollouts/build-2025-09-24-002","verb":"create","requestedCancellation":false,"apiVersion":"v1beta"},"done":true,"response":{"@type":"type.googleapis.com/google.firebase.apphosting.v1beta.Rollout","name":"projects/simoncreativehouse/locations/us-central1/backends/my-web-app/rollouts/build-2025-09-24-002","createTime":"2025-09-24T19:52:08.212445804Z","updateTime":"2025-09-24T19:52:08.254606Z","state":"QUEUED","build":"projects/simoncreativehouse/locations/us-central1/backends/my-web-app/builds/build-2025-09-24-002","labels":{"deployment-tool":"cli-firebase"},"uid":"074be017-1afe-417c-a657-168a004f7b38","etag":"f4lOCp4YqpBQpnCX33_LCnivpo2QWiz8pckyHcc7aQU","reconciling":false}}
[debug] [2025-09-24T19:52:08.861Z] [create-simoncreativehouse-us-central1-backend-my-web-app-build-build-2025-09-24-002] Retrying task index 0
[debug] [2025-09-24T19:52:08.861Z] Checked if tokens are valid: true, expires at: 1758745109060
[debug] [2025-09-24T19:52:08.861Z] Checked if tokens are valid: true, expires at: 1758745109060
[debug] [2025-09-24T19:52:08.862Z] >>> [apiv2][query] GET https://firebaseapphosting.googleapis.com/v1beta/projects/simoncreativehouse/locations/us-central1/operations/operation-1758743527843-63f91633a6521-ecec4db5-1c643938 [none]
[debug] [2025-09-24T19:52:08.974Z] <<< [apiv2][status] GET https://firebaseapphosting.googleapis.com/v1beta/projects/simoncreativehouse/locations/us-central1/operations/operation-1758743527843-63f91633a6521-ecec4db5-1c643938 200
[debug] [2025-09-24T19:52:08.974Z] <<< [apiv2][body] GET https://firebaseapphosting.googleapis.com/v1beta/projects/simoncreativehouse/locations/us-central1/operations/operation-1758743527843-63f91633a6521-ecec4db5-1c643938 {"name":"projects/simoncreativehouse/locations/us-central1/operations/operation-1758743527843-63f91633a6521-ecec4db5-1c643938","metadata":{"@type":"type.googleapis.com/google.firebase.apphosting.v1beta.OperationMetadata","createTime":"2025-09-24T19:52:07.889904119Z","target":"projects/simoncreativehouse/locations/us-central1/backends/my-web-app/builds/build-2025-09-24-002","verb":"create","requestedCancellation":false,"apiVersion":"v1beta"},"done":false}
[debug] [2025-09-24T19:52:09.976Z] [create-simoncreativehouse-us-central1-backend-my-web-app-build-build-2025-09-24-002] Retrying task index 0
[debug] [2025-09-24T19:52:09.976Z] Checked if tokens are valid: true, expires at: 1758745109060
[debug] [2025-09-24T19:52:09.976Z] Checked if tokens are valid: true, expires at: 1758745109060
[debug] [2025-09-24T19:52:09.976Z] >>> [apiv2][query] GET https://firebaseapphosting.googleapis.com/v1beta/projects/simoncreativehouse/locations/us-central1/operations/operation-1758743527843-63f91633a6521-ecec4db5-1c643938 [none]
[debug] [2025-09-24T19:52:10.065Z] <<< [apiv2][status] GET https://firebaseapphosting.googleapis.com/v1beta/projects/simoncreativehouse/locations/us-central1/operations/operation-1758743527843-63f91633a6521-ecec4db5-1c643938 200
[debug] [2025-09-24T19:52:10.065Z] <<< [apiv2][body] GET https://firebaseapphosting.googleapis.com/v1beta/projects/simoncreativehouse/locations/us-central1/operations/operation-1758743527843-63f91633a6521-ecec4db5-1c643938 {"name":"projects/simoncreativehouse/locations/us-central1/operations/operation-1758743527843-63f91633a6521-ecec4db5-1c643938","metadata":{"@type":"type.googleapis.com/google.firebase.apphosting.v1beta.OperationMetadata","createTime":"2025-09-24T19:52:07.889904119Z","target":"projects/simoncreativehouse/locations/us-central1/backends/my-web-app/builds/build-2025-09-24-002","verb":"create","requestedCancellation":false,"apiVersion":"v1beta"},"done":false}
[debug] [2025-09-24T19:52:12.067Z] [create-simoncreativehouse-us-central1-backend-my-web-app-build-build-2025-09-24-002] Retrying task index 0
[debug] [2025-09-24T19:52:12.070Z] Checked if tokens are valid: true, expires at: 1758745109060
[debug] [2025-09-24T19:52:12.070Z] Checked if tokens are valid: true, expires at: 1758745109060
[debug] [2025-09-24T19:52:12.071Z] >>> [apiv2][query] GET https://firebaseapphosting.googleapis.com/v1beta/projects/simoncreativehouse/locations/us-central1/operations/operation-1758743527843-63f91633a6521-ecec4db5-1c643938 [none]
[debug] [2025-09-24T19:52:12.184Z] <<< [apiv2][status] GET https://firebaseapphosting.googleapis.com/v1beta/projects/simoncreativehouse/locations/us-central1/operations/operation-1758743527843-63f91633a6521-ecec4db5-1c643938 200
[debug] [2025-09-24T19:52:12.189Z] <<< [apiv2][body] GET https://firebaseapphosting.googleapis.com/v1beta/projects/simoncreativehouse/locations/us-central1/operations/operation-1758743527843-63f91633a6521-ecec4db5-1c643938 {"name":"projects/simoncreativehouse/locations/us-central1/operations/operation-1758743527843-63f91633a6521-ecec4db5-1c643938","metadata":{"@type":"type.googleapis.com/google.firebase.apphosting.v1beta.OperationMetadata","createTime":"2025-09-24T19:52:07.889904119Z","target":"projects/simoncreativehouse/locations/us-central1/backends/my-web-app/builds/build-2025-09-24-002","verb":"create","requestedCancellation":false,"apiVersion":"v1beta"},"done":false}
[debug] [2025-09-24T19:52:16.191Z] [create-simoncreativehouse-us-central1-backend-my-web-app-build-build-2025-09-24-002] Retrying task index 0
[debug] [2025-09-24T19:52:16.196Z] Checked if tokens are valid: true, expires at: 1758745109060
[debug] [2025-09-24T19:52:16.197Z] Checked if tokens are valid: true, expires at: 1758745109060
[debug] [2025-09-24T19:52:16.199Z] >>> [apiv2][query] GET https://firebaseapphosting.googleapis.com/v1beta/projects/simoncreativehouse/locations/us-central1/operations/operation-1758743527843-63f91633a6521-ecec4db5-1c643938 [none]
[debug] [2025-09-24T19:52:16.312Z] <<< [apiv2][status] GET https://firebaseapphosting.googleapis.com/v1beta/projects/simoncreativehouse/locations/us-central1/operations/operation-1758743527843-63f91633a6521-ecec4db5-1c643938 200
[debug] [2025-09-24T19:52:16.312Z] <<< [apiv2][body] GET https://firebaseapphosting.googleapis.com/v1beta/projects/simoncreativehouse/locations/us-central1/operations/operation-1758743527843-63f91633a6521-ecec4db5-1c643938 {"name":"projects/simoncreativehouse/locations/us-central1/operations/operation-1758743527843-63f91633a6521-ecec4db5-1c643938","metadata":{"@type":"type.googleapis.com/google.firebase.apphosting.v1beta.OperationMetadata","createTime":"2025-09-24T19:52:07.889904119Z","target":"projects/simoncreativehouse/locations/us-central1/backends/my-web-app/builds/build-2025-09-24-002","verb":"create","requestedCancellation":false,"apiVersion":"v1beta"},"done":false}
[debug] [2025-09-24T19:52:24.314Z] [create-simoncreativehouse-us-central1-backend-my-web-app-build-build-2025-09-24-002] Retrying task index 0
[debug] [2025-09-24T19:52:24.314Z] Checked if tokens are valid: true, expires at: 1758745109060
[debug] [2025-09-24T19:52:24.314Z] Checked if tokens are valid: true, expires at: 1758745109060
[debug] [2025-09-24T19:52:24.314Z] >>> [apiv2][query] GET https://firebaseapphosting.googleapis.com/v1beta/projects/simoncreativehouse/locations/us-central1/operations/operation-1758743527843-63f91633a6521-ecec4db5-1c643938 [none]
[debug] [2025-09-24T19:52:24.708Z] <<< [apiv2][status] GET https://firebaseapphosting.googleapis.com/v1beta/projects/simoncreativehouse/locations/us-central1/operations/operation-1758743527843-63f91633a6521-ecec4db5-1c643938 200
[debug] [2025-09-24T19:52:24.708Z] <<< [apiv2][body] GET https://firebaseapphosting.googleapis.com/v1beta/projects/simoncreativehouse/locations/us-central1/operations/operation-1758743527843-63f91633a6521-ecec4db5-1c643938 {"name":"projects/simoncreativehouse/locations/us-central1/operations/operation-1758743527843-63f91633a6521-ecec4db5-1c643938","metadata":{"@type":"type.googleapis.com/google.firebase.apphosting.v1beta.OperationMetadata","createTime":"2025-09-24T19:52:07.889904119Z","target":"projects/simoncreativehouse/locations/us-central1/backends/my-web-app/builds/build-2025-09-24-002","verb":"create","requestedCancellation":false,"apiVersion":"v1beta"},"done":false}
[debug] [2025-09-24T19:52:34.708Z] [create-simoncreativehouse-us-central1-backend-my-web-app-build-build-2025-09-24-002] Retrying task index 0
[debug] [2025-09-24T19:52:34.708Z] Checked if tokens are valid: true, expires at: 1758745109060
[debug] [2025-09-24T19:52:34.708Z] Checked if tokens are valid: true, expires at: 1758745109060
[debug] [2025-09-24T19:52:34.709Z] >>> [apiv2][query] GET https://firebaseapphosting.googleapis.com/v1beta/projects/simoncreativehouse/locations/us-central1/operations/operation-1758743527843-63f91633a6521-ecec4db5-1c643938 [none]
[debug] [2025-09-24T19:52:35.094Z] <<< [apiv2][status] GET https://firebaseapphosting.googleapis.com/v1beta/projects/simoncreativehouse/locations/us-central1/operations/operation-1758743527843-63f91633a6521-ecec4db5-1c643938 200
[debug] [2025-09-24T19:52:35.094Z] <<< [apiv2][body] GET https://firebaseapphosting.googleapis.com/v1beta/projects/simoncreativehouse/locations/us-central1/operations/operation-1758743527843-63f91633a6521-ecec4db5-1c643938 {"name":"projects/simoncreativehouse/locations/us-central1/operations/operation-1758743527843-63f91633a6521-ecec4db5-1c643938","metadata":{"@type":"type.googleapis.com/google.firebase.apphosting.v1beta.OperationMetadata","createTime":"2025-09-24T19:52:07.889904119Z","target":"projects/simoncreativehouse/locations/us-central1/backends/my-web-app/builds/build-2025-09-24-002","verb":"create","requestedCancellation":false,"apiVersion":"v1beta"},"done":false}
[debug] [2025-09-24T19:52:45.096Z] [create-simoncreativehouse-us-central1-backend-my-web-app-build-build-2025-09-24-002] Retrying task index 0
[debug] [2025-09-24T19:52:45.097Z] Checked if tokens are valid: true, expires at: 1758745109060
[debug] [2025-09-24T19:52:45.097Z] Checked if tokens are valid: true, expires at: 1758745109060
[debug] [2025-09-24T19:52:45.097Z] >>> [apiv2][query] GET https://firebaseapphosting.googleapis.com/v1beta/projects/simoncreativehouse/locations/us-central1/operations/operation-1758743527843-63f91633a6521-ecec4db5-1c643938 [none]
[debug] [2025-09-24T19:52:45.472Z] <<< [apiv2][status] GET https://firebaseapphosting.googleapis.com/v1beta/projects/simoncreativehouse/locations/us-central1/operations/operation-1758743527843-63f91633a6521-ecec4db5-1c643938 200
[debug] [2025-09-24T19:52:45.472Z] <<< [apiv2][body] GET https://firebaseapphosting.googleapis.com/v1beta/projects/simoncreativehouse/locations/us-central1/operations/operation-1758743527843-63f91633a6521-ecec4db5-1c643938 {"name":"projects/simoncreativehouse/locations/us-central1/operations/operation-1758743527843-63f91633a6521-ecec4db5-1c643938","metadata":{"@type":"type.googleapis.com/google.firebase.apphosting.v1beta.OperationMetadata","createTime":"2025-09-24T19:52:07.889904119Z","target":"projects/simoncreativehouse/locations/us-central1/backends/my-web-app/builds/build-2025-09-24-002","verb":"create","requestedCancellation":false,"apiVersion":"v1beta"},"done":false}
[debug] [2025-09-24T19:52:55.473Z] [create-simoncreativehouse-us-central1-backend-my-web-app-build-build-2025-09-24-002] Retrying task index 0
[debug] [2025-09-24T19:52:55.473Z] Checked if tokens are valid: true, expires at: 1758745109060
[debug] [2025-09-24T19:52:55.473Z] Checked if tokens are valid: true, expires at: 1758745109060
[debug] [2025-09-24T19:52:55.474Z] >>> [apiv2][query] GET https://firebaseapphosting.googleapis.com/v1beta/projects/simoncreativehouse/locations/us-central1/operations/operation-1758743527843-63f91633a6521-ecec4db5-1c643938 [none]
[debug] [2025-09-24T19:52:55.858Z] <<< [apiv2][status] GET https://firebaseapphosting.googleapis.com/v1beta/projects/simoncreativehouse/locations/us-central1/operations/operation-1758743527843-63f91633a6521-ecec4db5-1c643938 200
[debug] [2025-09-24T19:52:55.859Z] <<< [apiv2][body] GET https://firebaseapphosting.googleapis.com/v1beta/projects/simoncreativehouse/locations/us-central1/operations/operation-1758743527843-63f91633a6521-ecec4db5-1c643938 {"name":"projects/simoncreativehouse/locations/us-central1/operations/operation-1758743527843-63f91633a6521-ecec4db5-1c643938","metadata":{"@type":"type.googleapis.com/google.firebase.apphosting.v1beta.OperationMetadata","createTime":"2025-09-24T19:52:07.889904119Z","target":"projects/simoncreativehouse/locations/us-central1/backends/my-web-app/builds/build-2025-09-24-002","verb":"create","requestedCancellation":false,"apiVersion":"v1beta"},"done":false}
[debug] [2025-09-24T19:53:05.860Z] [create-simoncreativehouse-us-central1-backend-my-web-app-build-build-2025-09-24-002] Retrying task index 0
[debug] [2025-09-24T19:53:05.860Z] Checked if tokens are valid: true, expires at: 1758745109060
[debug] [2025-09-24T19:53:05.860Z] Checked if tokens are valid: true, expires at: 1758745109060
[debug] [2025-09-24T19:53:05.860Z] >>> [apiv2][query] GET https://firebaseapphosting.googleapis.com/v1beta/projects/simoncreativehouse/locations/us-central1/operations/operation-1758743527843-63f91633a6521-ecec4db5-1c643938 [none]
[debug] [2025-09-24T19:53:06.245Z] <<< [apiv2][status] GET https://firebaseapphosting.googleapis.com/v1beta/projects/simoncreativehouse/locations/us-central1/operations/operation-1758743527843-63f91633a6521-ecec4db5-1c643938 200
[debug] [2025-09-24T19:53:06.245Z] <<< [apiv2][body] GET https://firebaseapphosting.googleapis.com/v1beta/projects/simoncreativehouse/locations/us-central1/operations/operation-1758743527843-63f91633a6521-ecec4db5-1c643938 {"name":"projects/simoncreativehouse/locations/us-central1/operations/operation-1758743527843-63f91633a6521-ecec4db5-1c643938","metadata":{"@type":"type.googleapis.com/google.firebase.apphosting.v1beta.OperationMetadata","createTime":"2025-09-24T19:52:07.889904119Z","target":"projects/simoncreativehouse/locations/us-central1/backends/my-web-app/builds/build-2025-09-24-002","verb":"create","requestedCancellation":false,"apiVersion":"v1beta"},"done":false}
[debug] [2025-09-24T19:53:16.247Z] [create-simoncreativehouse-us-central1-backend-my-web-app-build-build-2025-09-24-002] Retrying task index 0
[debug] [2025-09-24T19:53:16.248Z] Checked if tokens are valid: true, expires at: 1758745109060
[debug] [2025-09-24T19:53:16.248Z] Checked if tokens are valid: true, expires at: 1758745109060
[debug] [2025-09-24T19:53:16.248Z] >>> [apiv2][query] GET https://firebaseapphosting.googleapis.com/v1beta/projects/simoncreativehouse/locations/us-central1/operations/operation-1758743527843-63f91633a6521-ecec4db5-1c643938 [none]
[debug] [2025-09-24T19:53:16.650Z] <<< [apiv2][status] GET https://firebaseapphosting.googleapis.com/v1beta/projects/simoncreativehouse/locations/us-central1/operations/operation-1758743527843-63f91633a6521-ecec4db5-1c643938 200
[debug] [2025-09-24T19:53:16.650Z] <<< [apiv2][body] GET https://firebaseapphosting.googleapis.com/v1beta/projects/simoncreativehouse/locations/us-central1/operations/operation-1758743527843-63f91633a6521-ecec4db5-1c643938 {"name":"projects/simoncreativehouse/locations/us-central1/operations/operation-1758743527843-63f91633a6521-ecec4db5-1c643938","metadata":{"@type":"type.googleapis.com/google.firebase.apphosting.v1beta.OperationMetadata","createTime":"2025-09-24T19:52:07.889904119Z","target":"projects/simoncreativehouse/locations/us-central1/backends/my-web-app/builds/build-2025-09-24-002","verb":"create","requestedCancellation":false,"apiVersion":"v1beta"},"done":false}
[debug] [2025-09-24T19:53:26.653Z] [create-simoncreativehouse-us-central1-backend-my-web-app-build-build-2025-09-24-002] Retrying task index 0
[debug] [2025-09-24T19:53:26.654Z] Checked if tokens are valid: true, expires at: 1758745109060
[debug] [2025-09-24T19:53:26.654Z] Checked if tokens are valid: true, expires at: 1758745109060
[debug] [2025-09-24T19:53:26.654Z] >>> [apiv2][query] GET https://firebaseapphosting.googleapis.com/v1beta/projects/simoncreativehouse/locations/us-central1/operations/operation-1758743527843-63f91633a6521-ecec4db5-1c643938 [none]
[debug] [2025-09-24T19:53:27.058Z] <<< [apiv2][status] GET https://firebaseapphosting.googleapis.com/v1beta/projects/simoncreativehouse/locations/us-central1/operations/operation-1758743527843-63f91633a6521-ecec4db5-1c643938 200
[debug] [2025-09-24T19:53:27.058Z] <<< [apiv2][body] GET https://firebaseapphosting.googleapis.com/v1beta/projects/simoncreativehouse/locations/us-central1/operations/operation-1758743527843-63f91633a6521-ecec4db5-1c643938 {"name":"projects/simoncreativehouse/locations/us-central1/operations/operation-1758743527843-63f91633a6521-ecec4db5-1c643938","metadata":{"@type":"type.googleapis.com/google.firebase.apphosting.v1beta.OperationMetadata","createTime":"2025-09-24T19:52:07.889904119Z","target":"projects/simoncreativehouse/locations/us-central1/backends/my-web-app/builds/build-2025-09-24-002","verb":"create","requestedCancellation":false,"apiVersion":"v1beta"},"done":false}
[debug] [2025-09-24T19:53:37.059Z] [create-simoncreativehouse-us-central1-backend-my-web-app-build-build-2025-09-24-002] Retrying task index 0
[debug] [2025-09-24T19:53:37.060Z] Checked if tokens are valid: true, expires at: 1758745109060
[debug] [2025-09-24T19:53:37.060Z] Checked if tokens are valid: true, expires at: 1758745109060
[debug] [2025-09-24T19:53:37.060Z] >>> [apiv2][query] GET https://firebaseapphosting.googleapis.com/v1beta/projects/simoncreativehouse/locations/us-central1/operations/operation-1758743527843-63f91633a6521-ecec4db5-1c643938 [none]
[debug] [2025-09-24T19:53:37.436Z] <<< [apiv2][status] GET https://firebaseapphosting.googleapis.com/v1beta/projects/simoncreativehouse/locations/us-central1/operations/operation-1758743527843-63f91633a6521-ecec4db5-1c643938 200
[debug] [2025-09-24T19:53:37.436Z] <<< [apiv2][body] GET https://firebaseapphosting.googleapis.com/v1beta/projects/simoncreativehouse/locations/us-central1/operations/operation-1758743527843-63f91633a6521-ecec4db5-1c643938 {"name":"projects/simoncreativehouse/locations/us-central1/operations/operation-1758743527843-63f91633a6521-ecec4db5-1c643938","metadata":{"@type":"type.googleapis.com/google.firebase.apphosting.v1beta.OperationMetadata","createTime":"2025-09-24T19:52:07.889904119Z","target":"projects/simoncreativehouse/locations/us-central1/backends/my-web-app/builds/build-2025-09-24-002","verb":"create","requestedCancellation":false,"apiVersion":"v1beta"},"done":false}
[debug] [2025-09-24T19:53:47.438Z] [create-simoncreativehouse-us-central1-backend-my-web-app-build-build-2025-09-24-002] Retrying task index 0
[debug] [2025-09-24T19:53:47.438Z] Checked if tokens are valid: true, expires at: 1758745109060
[debug] [2025-09-24T19:53:47.438Z] Checked if tokens are valid: true, expires at: 1758745109060
[debug] [2025-09-24T19:53:47.438Z] >>> [apiv2][query] GET https://firebaseapphosting.googleapis.com/v1beta/projects/simoncreativehouse/locations/us-central1/operations/operation-1758743527843-63f91633a6521-ecec4db5-1c643938 [none]
[debug] [2025-09-24T19:53:47.800Z] <<< [apiv2][status] GET https://firebaseapphosting.googleapis.com/v1beta/projects/simoncreativehouse/locations/us-central1/operations/operation-1758743527843-63f91633a6521-ecec4db5-1c643938 200
[debug] [2025-09-24T19:53:47.800Z] <<< [apiv2][body] GET https://firebaseapphosting.googleapis.com/v1beta/projects/simoncreativehouse/locations/us-central1/operations/operation-1758743527843-63f91633a6521-ecec4db5-1c643938 {"name":"projects/simoncreativehouse/locations/us-central1/operations/operation-1758743527843-63f91633a6521-ecec4db5-1c643938","metadata":{"@type":"type.googleapis.com/google.firebase.apphosting.v1beta.OperationMetadata","createTime":"2025-09-24T19:52:07.889904119Z","target":"projects/simoncreativehouse/locations/us-central1/backends/my-web-app/builds/build-2025-09-24-002","verb":"create","requestedCancellation":false,"apiVersion":"v1beta"},"done":false}
[debug] [2025-09-24T19:53:57.801Z] [create-simoncreativehouse-us-central1-backend-my-web-app-build-build-2025-09-24-002] Retrying task index 0
[debug] [2025-09-24T19:53:57.802Z] Checked if tokens are valid: true, expires at: 1758745109060
[debug] [2025-09-24T19:53:57.802Z] Checked if tokens are valid: true, expires at: 1758745109060
[debug] [2025-09-24T19:53:57.802Z] >>> [apiv2][query] GET https://firebaseapphosting.googleapis.com/v1beta/projects/simoncreativehouse/locations/us-central1/operations/operation-1758743527843-63f91633a6521-ecec4db5-1c643938 [none]
[debug] [2025-09-24T19:53:58.195Z] <<< [apiv2][status] GET https://firebaseapphosting.googleapis.com/v1beta/projects/simoncreativehouse/locations/us-central1/operations/operation-1758743527843-63f91633a6521-ecec4db5-1c643938 200
[debug] [2025-09-24T19:53:58.195Z] <<< [apiv2][body] GET https://firebaseapphosting.googleapis.com/v1beta/projects/simoncreativehouse/locations/us-central1/operations/operation-1758743527843-63f91633a6521-ecec4db5-1c643938 {"name":"projects/simoncreativehouse/locations/us-central1/operations/operation-1758743527843-63f91633a6521-ecec4db5-1c643938","metadata":{"@type":"type.googleapis.com/google.firebase.apphosting.v1beta.OperationMetadata","createTime":"2025-09-24T19:52:07.889904119Z","target":"projects/simoncreativehouse/locations/us-central1/backends/my-web-app/builds/build-2025-09-24-002","verb":"create","requestedCancellation":false,"apiVersion":"v1beta"},"done":false}
[debug] [2025-09-24T19:54:08.197Z] [create-simoncreativehouse-us-central1-backend-my-web-app-build-build-2025-09-24-002] Retrying task index 0
[debug] [2025-09-24T19:54:08.198Z] Checked if tokens are valid: true, expires at: 1758745109060
[debug] [2025-09-24T19:54:08.198Z] Checked if tokens are valid: true, expires at: 1758745109060
[debug] [2025-09-24T19:54:08.198Z] >>> [apiv2][query] GET https://firebaseapphosting.googleapis.com/v1beta/projects/simoncreativehouse/locations/us-central1/operations/operation-1758743527843-63f91633a6521-ecec4db5-1c643938 [none]
[debug] [2025-09-24T19:54:08.581Z] <<< [apiv2][status] GET https://firebaseapphosting.googleapis.com/v1beta/projects/simoncreativehouse/locations/us-central1/operations/operation-1758743527843-63f91633a6521-ecec4db5-1c643938 200
[debug] [2025-09-24T19:54:08.582Z] <<< [apiv2][body] GET https://firebaseapphosting.googleapis.com/v1beta/projects/simoncreativehouse/locations/us-central1/operations/operation-1758743527843-63f91633a6521-ecec4db5-1c643938 {"name":"projects/simoncreativehouse/locations/us-central1/operations/operation-1758743527843-63f91633a6521-ecec4db5-1c643938","metadata":{"@type":"type.googleapis.com/google.firebase.apphosting.v1beta.OperationMetadata","createTime":"2025-09-24T19:52:07.889904119Z","target":"projects/simoncreativehouse/locations/us-central1/backends/my-web-app/builds/build-2025-09-24-002","verb":"create","requestedCancellation":false,"apiVersion":"v1beta"},"done":false}
[debug] [2025-09-24T19:54:18.582Z] [create-simoncreativehouse-us-central1-backend-my-web-app-build-build-2025-09-24-002] Retrying task index 0
[debug] [2025-09-24T19:54:18.583Z] Checked if tokens are valid: true, expires at: 1758745109060
[debug] [2025-09-24T19:54:18.583Z] Checked if tokens are valid: true, expires at: 1758745109060
[debug] [2025-09-24T19:54:18.583Z] >>> [apiv2][query] GET https://firebaseapphosting.googleapis.com/v1beta/projects/simoncreativehouse/locations/us-central1/operations/operation-1758743527843-63f91633a6521-ecec4db5-1c643938 [none]
[debug] [2025-09-24T19:54:18.961Z] <<< [apiv2][status] GET https://firebaseapphosting.googleapis.com/v1beta/projects/simoncreativehouse/locations/us-central1/operations/operation-1758743527843-63f91633a6521-ecec4db5-1c643938 200
[debug] [2025-09-24T19:54:18.961Z] <<< [apiv2][body] GET https://firebaseapphosting.googleapis.com/v1beta/projects/simoncreativehouse/locations/us-central1/operations/operation-1758743527843-63f91633a6521-ecec4db5-1c643938 {"name":"projects/simoncreativehouse/locations/us-central1/operations/operation-1758743527843-63f91633a6521-ecec4db5-1c643938","metadata":{"@type":"type.googleapis.com/google.firebase.apphosting.v1beta.OperationMetadata","createTime":"2025-09-24T19:52:07.889904119Z","target":"projects/simoncreativehouse/locations/us-central1/backends/my-web-app/builds/build-2025-09-24-002","verb":"create","requestedCancellation":false,"apiVersion":"v1beta"},"done":false}
[debug] [2025-09-24T19:54:28.963Z] [create-simoncreativehouse-us-central1-backend-my-web-app-build-build-2025-09-24-002] Retrying task index 0
[debug] [2025-09-24T19:54:28.963Z] Checked if tokens are valid: true, expires at: 1758745109060
[debug] [2025-09-24T19:54:28.963Z] Checked if tokens are valid: true, expires at: 1758745109060
[debug] [2025-09-24T19:54:28.964Z] >>> [apiv2][query] GET https://firebaseapphosting.googleapis.com/v1beta/projects/simoncreativehouse/locations/us-central1/operations/operation-1758743527843-63f91633a6521-ecec4db5-1c643938 [none]
[debug] [2025-09-24T19:54:29.342Z] <<< [apiv2][status] GET https://firebaseapphosting.googleapis.com/v1beta/projects/simoncreativehouse/locations/us-central1/operations/operation-1758743527843-63f91633a6521-ecec4db5-1c643938 200
[debug] [2025-09-24T19:54:29.342Z] <<< [apiv2][body] GET https://firebaseapphosting.googleapis.com/v1beta/projects/simoncreativehouse/locations/us-central1/operations/operation-1758743527843-63f91633a6521-ecec4db5-1c643938 {"name":"projects/simoncreativehouse/locations/us-central1/operations/operation-1758743527843-63f91633a6521-ecec4db5-1c643938","metadata":{"@type":"type.googleapis.com/google.firebase.apphosting.v1beta.OperationMetadata","createTime":"2025-09-24T19:52:07.889904119Z","target":"projects/simoncreativehouse/locations/us-central1/backends/my-web-app/builds/build-2025-09-24-002","verb":"create","requestedCancellation":false,"apiVersion":"v1beta"},"done":false}
[debug] [2025-09-24T19:54:39.342Z] [create-simoncreativehouse-us-central1-backend-my-web-app-build-build-2025-09-24-002] Retrying task index 0
[debug] [2025-09-24T19:54:39.342Z] Checked if tokens are valid: true, expires at: 1758745109060
[debug] [2025-09-24T19:54:39.342Z] Checked if tokens are valid: true, expires at: 1758745109060
[debug] [2025-09-24T19:54:39.342Z] >>> [apiv2][query] GET https://firebaseapphosting.googleapis.com/v1beta/projects/simoncreativehouse/locations/us-central1/operations/operation-1758743527843-63f91633a6521-ecec4db5-1c643938 [none]
[debug] [2025-09-24T19:54:39.727Z] <<< [apiv2][status] GET https://firebaseapphosting.googleapis.com/v1beta/projects/simoncreativehouse/locations/us-central1/operations/operation-1758743527843-63f91633a6521-ecec4db5-1c643938 200
[debug] [2025-09-24T19:54:39.727Z] <<< [apiv2][body] GET https://firebaseapphosting.googleapis.com/v1beta/projects/simoncreativehouse/locations/us-central1/operations/operation-1758743527843-63f91633a6521-ecec4db5-1c643938 {"name":"projects/simoncreativehouse/locations/us-central1/operations/operation-1758743527843-63f91633a6521-ecec4db5-1c643938","metadata":{"@type":"type.googleapis.com/google.firebase.apphosting.v1beta.OperationMetadata","createTime":"2025-09-24T19:52:07.889904119Z","target":"projects/simoncreativehouse/locations/us-central1/backends/my-web-app/builds/build-2025-09-24-002","verb":"create","requestedCancellation":false,"apiVersion":"v1beta"},"done":false}
[debug] [2025-09-24T19:54:49.727Z] [create-simoncreativehouse-us-central1-backend-my-web-app-build-build-2025-09-24-002] Retrying task index 0
[debug] [2025-09-24T19:54:49.728Z] Checked if tokens are valid: true, expires at: 1758745109060
[debug] [2025-09-24T19:54:49.728Z] Checked if tokens are valid: true, expires at: 1758745109060
[debug] [2025-09-24T19:54:49.728Z] >>> [apiv2][query] GET https://firebaseapphosting.googleapis.com/v1beta/projects/simoncreativehouse/locations/us-central1/operations/operation-1758743527843-63f91633a6521-ecec4db5-1c643938 [none]
[debug] [2025-09-24T19:54:50.093Z] <<< [apiv2][status] GET https://firebaseapphosting.googleapis.com/v1beta/projects/simoncreativehouse/locations/us-central1/operations/operation-1758743527843-63f91633a6521-ecec4db5-1c643938 200
[debug] [2025-09-24T19:54:50.093Z] <<< [apiv2][body] GET https://firebaseapphosting.googleapis.com/v1beta/projects/simoncreativehouse/locations/us-central1/operations/operation-1758743527843-63f91633a6521-ecec4db5-1c643938 {"name":"projects/simoncreativehouse/locations/us-central1/operations/operation-1758743527843-63f91633a6521-ecec4db5-1c643938","metadata":{"@type":"type.googleapis.com/google.firebase.apphosting.v1beta.OperationMetadata","createTime":"2025-09-24T19:52:07.889904119Z","target":"projects/simoncreativehouse/locations/us-central1/backends/my-web-app/builds/build-2025-09-24-002","verb":"create","requestedCancellation":false,"apiVersion":"v1beta"},"done":false}
[debug] [2025-09-24T19:55:00.095Z] [create-simoncreativehouse-us-central1-backend-my-web-app-build-build-2025-09-24-002] Retrying task index 0
[debug] [2025-09-24T19:55:00.095Z] Checked if tokens are valid: true, expires at: 1758745109060
[debug] [2025-09-24T19:55:00.095Z] Checked if tokens are valid: true, expires at: 1758745109060
[debug] [2025-09-24T19:55:00.095Z] >>> [apiv2][query] GET https://firebaseapphosting.googleapis.com/v1beta/projects/simoncreativehouse/locations/us-central1/operations/operation-1758743527843-63f91633a6521-ecec4db5-1c643938 [none]
[debug] [2025-09-24T19:55:00.541Z] <<< [apiv2][status] GET https://firebaseapphosting.googleapis.com/v1beta/projects/simoncreativehouse/locations/us-central1/operations/operation-1758743527843-63f91633a6521-ecec4db5-1c643938 200
[debug] [2025-09-24T19:55:00.542Z] <<< [apiv2][body] GET https://firebaseapphosting.googleapis.com/v1beta/projects/simoncreativehouse/locations/us-central1/operations/operation-1758743527843-63f91633a6521-ecec4db5-1c643938 {"name":"projects/simoncreativehouse/locations/us-central1/operations/operation-1758743527843-63f91633a6521-ecec4db5-1c643938","metadata":{"@type":"type.googleapis.com/google.firebase.apphosting.v1beta.OperationMetadata","createTime":"2025-09-24T19:52:07.889904119Z","target":"projects/simoncreativehouse/locations/us-central1/backends/my-web-app/builds/build-2025-09-24-002","verb":"create","requestedCancellation":false,"apiVersion":"v1beta"},"done":false}
[debug] [2025-09-24T19:55:10.543Z] [create-simoncreativehouse-us-central1-backend-my-web-app-build-build-2025-09-24-002] Retrying task index 0
[debug] [2025-09-24T19:55:10.544Z] Checked if tokens are valid: true, expires at: 1758745109060
[debug] [2025-09-24T19:55:10.544Z] Checked if tokens are valid: true, expires at: 1758745109060
[debug] [2025-09-24T19:55:10.544Z] >>> [apiv2][query] GET https://firebaseapphosting.googleapis.com/v1beta/projects/simoncreativehouse/locations/us-central1/operations/operation-1758743527843-63f91633a6521-ecec4db5-1c643938 [none]
[debug] [2025-09-24T19:55:10.944Z] <<< [apiv2][status] GET https://firebaseapphosting.googleapis.com/v1beta/projects/simoncreativehouse/locations/us-central1/operations/operation-1758743527843-63f91633a6521-ecec4db5-1c643938 200
[debug] [2025-09-24T19:55:10.944Z] <<< [apiv2][body] GET https://firebaseapphosting.googleapis.com/v1beta/projects/simoncreativehouse/locations/us-central1/operations/operation-1758743527843-63f91633a6521-ecec4db5-1c643938 {"name":"projects/simoncreativehouse/locations/us-central1/operations/operation-1758743527843-63f91633a6521-ecec4db5-1c643938","metadata":{"@type":"type.googleapis.com/google.firebase.apphosting.v1beta.OperationMetadata","createTime":"2025-09-24T19:52:07.889904119Z","target":"projects/simoncreativehouse/locations/us-central1/backends/my-web-app/builds/build-2025-09-24-002","verb":"create","requestedCancellation":false,"apiVersion":"v1beta"},"done":false}
